#
# A fatal error has been detected by the Java Runtime Environment:
#
#  Internal Error (javaClasses.cpp:136), pid=2784, tid=5968
#  fatal error: Invalid layout of preloaded class
#
# JRE version:  (7.0_75-b13) (build )
# Java VM: Java HotSpot(TM) Client VM (24.75-b04 mixed mode windows-x86 )
# Failed to write core dump. Minidumps are not enabled by default on client versions of Windows
#
# If you would like to submit a bug report, please visit:
#   http://bugreport.sun.com/bugreport/crash.jsp
#

---------------  T H R E A D  ---------------

Current thread (0x0206bc00):  JavaThread "Unknown thread" [_thread_in_vm, id=5968, stack(0x00f80000,0x00fd0000)]

Stack: [0x00f80000,0x00fd0000],  sp=0x00fcf968,  free space=318k
Native frames: (J=compiled Java code, j=interpreted, Vv=VM code, C=native code)
V  [jvm.dll+0x191164]
V  [jvm.dll+0x18ad96]
V  [jvm.dll+0x35cb0]
V  [jvm.dll+0x35d36]
V  [jvm.dll+0x4454d]
V  [jvm.dll+0x4480e]
V  [jvm.dll+0x9384a]
V  [jvm.dll+0x93bfb]
V  [jvm.dll+0x140851]
V  [jvm.dll+0x16337c]
V  [jvm.dll+0xca74f]
C  [javaw.exe+0x13ce]
C  [javaw.exe+0x1e40]
C  [javaw.exe+0xa601]
C  [javaw.exe+0xa68b]
C  [KERNEL32.DLL+0x4198]
C  [ntdll.dll+0x561bb]
C  [ntdll.dll+0x56189]


---------------  P R O C E S S  ---------------

Java Threads: ( => current thread )

Other Threads:

=>0x0206bc00 (exited) JavaThread "Unknown thread" [_thread_in_vm, id=5968, stack(0x00f80000,0x00fd0000)]

VM state:not at safepoint (not fully initialized)

VM Mutex/Monitor currently owned by a thread: None

GC Heap History (0 events):
No events

Deoptimization events (0 events):
No events

Internal exceptions (0 events):
No events

Events (10 events):
Event: 0.024 loading class 0x01e8aef8 done
Event: 0.024 loading class 0x01e8a968 done
Event: 0.024 loading class 0x01e8a948
Event: 0.025 loading class 0x01e91d18
Event: 0.025 loading class 0x01e91d18 done
Event: 0.025 loading class 0x01e91d48
Event: 0.025 loading class 0x01e91d48 done
Event: 0.025 loading class 0x01e91d78
Event: 0.025 loading class 0x01e91d78 done
Event: 0.025 loading class 0x01e8a948 done


Dynamic libraries:
0x008e0000 - 0x0090f000 	C:\Program Files\Java\jdk1.7.0_75\bin\javaw.exe
0x772f0000 - 0x77459000 	C:\Windows\SYSTEM32\ntdll.dll
0x771f0000 - 0x772f0000 	C:\Windows\system32\KERNEL32.DLL
0x74e30000 - 0x74f09000 	C:\Windows\system32\KERNELBASE.dll
0x73a70000 - 0x73b10000 	C:\Windows\system32\apphelp.dll
0x530b0000 - 0x53315000 	C:\Windows\AppPatch\AcGenral.DLL
0x76ba0000 - 0x76c63000 	C:\Windows\system32\msvcrt.dll
0x76f00000 - 0x76f41000 	C:\Windows\SYSTEM32\sechost.dll
0x74990000 - 0x749b4000 	C:\Windows\SYSTEM32\SspiCli.dll
0x77060000 - 0x770a5000 	C:\Windows\system32\SHLWAPI.dll
0x73b20000 - 0x73c0e000 	C:\Windows\SYSTEM32\UxTheme.dll
0x754b0000 - 0x75605000 	C:\Windows\system32\USER32.dll
0x76ca0000 - 0x76db2000 	C:\Windows\system32\GDI32.dll
0x70300000 - 0x70323000 	C:\Windows\SYSTEM32\WINMM.dll
0x70c20000 - 0x70c33000 	C:\Windows\SYSTEM32\samcli.dll
0x75380000 - 0x754a8000 	C:\Windows\system32\ole32.dll
0x756e0000 - 0x75775000 	C:\Windows\system32\OLEAUT32.dll
0x6a3c0000 - 0x6a3d7000 	C:\Windows\SYSTEM32\MSACM32.dll
0x6fcd0000 - 0x6fcd8000 	C:\Windows\SYSTEM32\VERSION.dll
0x758f0000 - 0x76b9c000 	C:\Windows\system32\SHELL32.dll
0x742c0000 - 0x742db000 	C:\Windows\SYSTEM32\USERENV.dll
0x72ab0000 - 0x72aca000 	C:\Windows\SYSTEM32\dwmapi.dll
0x6e3e0000 - 0x6e52a000 	C:\Windows\SYSTEM32\urlmon.dll
0x75610000 - 0x7568c000 	C:\Windows\system32\ADVAPI32.dll
0x6b200000 - 0x6b265000 	C:\Windows\SYSTEM32\WINSPOOL.DRV
0x715e0000 - 0x715f6000 	C:\Windows\SYSTEM32\MPR.dll
0x74f10000 - 0x74fe0000 	C:\Windows\system32\RPCRT4.dll
0x751a0000 - 0x7531d000 	C:\Windows\SYSTEM32\combase.dll
0x702d0000 - 0x702f3000 	C:\Windows\SYSTEM32\WINMMBASE.dll
0x74b10000 - 0x74b1f000 	C:\Windows\SYSTEM32\profapi.dll
0x6f7e0000 - 0x6fa12000 	C:\Windows\SYSTEM32\iertutil.dll
0x6faf0000 - 0x6fcc5000 	C:\Windows\SYSTEM32\WININET.dll
0x74d60000 - 0x74d9c000 	C:\Windows\SYSTEM32\cfgmgr32.dll
0x73c90000 - 0x73cb1000 	C:\Windows\SYSTEM32\DEVOBJ.dll
0x76fd0000 - 0x7705b000 	C:\Windows\system32\SHCORE.DLL
0x76c70000 - 0x76c96000 	C:\Windows\system32\IMM32.DLL
0x770c0000 - 0x771d3000 	C:\Windows\system32\MSCTF.dll
0x71f60000 - 0x72166000 	C:\Windows\WinSxS\x86_microsoft.windows.common-controls_6595b64144ccf1df_6.0.9600.17415_none_a9ed7f470139b3c1\COMCTL32.dll
0x5fd40000 - 0x5fdff000 	C:\Program Files\Java\jdk1.7.0_75\jre\bin\msvcr100.dll
0x51d10000 - 0x52099000 	C:\Program Files\Java\jdk1.7.0_75\jre\bin\client\jvm.dll
0x70460000 - 0x70468000 	C:\Windows\SYSTEM32\WSOCK32.dll
0x76e60000 - 0x76e66000 	C:\Windows\system32\PSAPI.DLL
0x75690000 - 0x756e0000 	C:\Windows\system32\WS2_32.dll
0x770b0000 - 0x770b7000 	C:\Windows\system32\NSI.dll
0x5ffd0000 - 0x5ffdc000 	C:\Program Files\Java\jdk1.7.0_75\jre\bin\verify.dll
0x5fe70000 - 0x5fe90000 	C:\Program Files\Java\jdk1.7.0_75\jre\bin\java.dll
0x5fe50000 - 0x5fe63000 	C:\Program Files\Java\jdk1.7.0_75\jre\bin\zip.dll
0x6da40000 - 0x6db81000 	C:\Windows\SYSTEM32\dbghelp.dll

VM Arguments:
jvm_args: -Dfile.encoding=Cp1250 -Xbootclasspath:C:\android-sdk\platforms\android-21\android.jar 
java_command: ba.mirhat.android.SkiniJSON
Launcher Type: SUN_STANDARD

Environment Variables:
PATH=C:/Program Files/Java/jre1.8.0_45/bin/client;C:/Program Files/Java/jre1.8.0_45/bin;C:/Program Files/Java/jre1.8.0_45/lib/i386;C:\ProgramData\Oracle\Java\javapath;C:\Windows\system32;C:\Windows;C:\Windows\System32\Wbem;C:\Windows\System32\WindowsPowerShell\v1.0\;C:\Program Files\Intel\OpenCL SDK\2.0\bin\x86;C:\Program Files\Microsoft\Web Platform Installer\;C:\Program Files\Microsoft ASP.NET\ASP.NET Web Pages\v1.0\;C:\Program Files\Windows Kits\8.0\Windows Performance Toolkit\;C:\Program Files\Microsoft SQL Server\110\Tools\Binn\;C:\Program Files\MATLAB\R2011a\runtime\win32;C:\Program Files\MATLAB\R2011a\bin;C:\Program Files\MySQL\MySQL Fabric 1.5.4 & MySQL Utilities 1.5.4 1.5\;C:\Program Files\MySQL\MySQL Fabric 1.5.4 & MySQL Utilities 1.5.4 1.5\Doctrine extensions for PHP\;C:\Program Files\Collaborator Client;C:\Program Files\eclipse;
USERNAME=John
OS=Windows_NT
PROCESSOR_IDENTIFIER=x86 Family 6 Model 42 Stepping 7, GenuineIntel



---------------  S Y S T E M  ---------------

OS: Windows 8.1 Build 9600 

CPU:total 2 (2 cores per cpu, 1 threads per core) family 6 model 42 stepping 7, cmov, cx8, fxsr, mmx, sse, sse2, sse3, ssse3, sse4.1, sse4.2, popcnt, tsc, tscinvbit

Memory: 4k page, physical 2733932k(667656k free), swap 5224300k(1023188k free)

vm_info: Java HotSpot(TM) Client VM (24.75-b04) for windows-x86 JRE (1.7.0_75-b13), built on Dec 18 2014 17:06:46 by "java_re" with unknown MS VC++:1600

time: Fri May 29 20:07:51 2015
elapsed time: 0 seconds

